This file contains any messages produced by compilers while
running configure, to aid debugging if configure makes a mistake.

It was created by configure, which was
generated by GNU Autoconf 2.61.  Invocation command line was

  $ ./configure 

## --------- ##
## Platform. ##
## --------- ##

hostname = yingw-laptop
uname -m = x86_64
uname -r = 2.6.32-24-generic
uname -s = Linux
uname -v = #42-Ubuntu SMP Fri Aug 20 14:21:58 UTC 2010

/usr/bin/uname -p = unknown
/bin/uname -X     = unknown

/bin/arch              = unknown
/usr/bin/arch -k       = unknown
/usr/convex/getsysinfo = unknown
/usr/bin/hostinfo      = unknown
/bin/machine           = unknown
/usr/bin/oslevel       = unknown
/bin/universe          = unknown

PATH: /usr/local/sbin
PATH: /usr/local/bin
PATH: /usr/sbin
PATH: /usr/bin
PATH: /sbin
PATH: /bin
PATH: /usr/X11R6/bin


## ----------- ##
## Core tests. ##
## ----------- ##

configure:1722: checking build system type
configure:1740: result: x86_64-unknown-linux-gnu
configure:1762: checking host system type
configure:1777: result: x86_64-unknown-linux-gnu
configure:1799: checking target system type
configure:1814: result: x86_64-unknown-linux-gnu
configure:1865: checking for a BSD-compatible install
configure:1921: result: /usr/bin/install -c
configure:1932: checking whether build environment is sane
configure:1975: result: yes
configure:2040: checking for gawk
configure:2056: found /usr/bin/gawk
configure:2067: result: gawk
configure:2078: checking whether make sets $(MAKE)
configure:2099: result: yes
configure:2284: checking whether to enable maintainer-specific portions of Makefiles
configure:2293: result: no
configure:2322: checking for a BSD-compatible install
configure:2378: result: /usr/bin/install -c
configure:2392: checking for pkg-config
configure:2410: found /usr/bin/pkg-config
configure:2423: result: /usr/bin/pkg-config
configure:2547: checking pkg-config is at least version 0.9.0
configure:2550: result: yes
configure:2561: checking for MONO
configure:2569: $PKG_CONFIG --exists --print-errors "mono >= $MONO_REQ_VERSION"
configure:2572: $? = 0
configure:2587: $PKG_CONFIG --exists --print-errors "mono >= $MONO_REQ_VERSION"
configure:2590: $? = 0
configure:2666: result: yes
configure:2673: checking for gmcs
configure:2691: found /usr/bin/gmcs
configure:2704: result: /usr/bin/gmcs
configure:2721: checking for gacutil
configure:2739: found /usr/bin/gacutil
configure:2752: result: /usr/bin/gacutil
configure:2770: checking for NDESK_DBUS
configure:2778: $PKG_CONFIG --exists --print-errors "ndesk-dbus-1.0 >= $NDESK_DBUS_REQUIRED_VERSION"
configure:2781: $? = 0
configure:2796: $PKG_CONFIG --exists --print-errors "ndesk-dbus-1.0 >= $NDESK_DBUS_REQUIRED_VERSION"
configure:2799: $? = 0
configure:2875: result: yes
configure:3025: creating ./config.status

## ---------------------- ##
## Running config.status. ##
## ---------------------- ##

This file was extended by config.status, which was
generated by GNU Autoconf 2.61.  Invocation command line was

  CONFIG_FILES    = 
  CONFIG_HEADERS  = 
  CONFIG_LINKS    = 
  CONFIG_COMMANDS = 
  $ ./config.status 

on yingw-laptop

config.status:613: creating Makefile
config.status:613: creating ndesk-dbus-glib-1.0.pc
config.status:613: creating src/AssemblyInfo.cs
config.status:613: creating src/Makefile
config.status:613: creating examples/Makefile

## ---------------- ##
## Cache variables. ##
## ---------------- ##

ac_cv_build=x86_64-unknown-linux-gnu
ac_cv_env_MONO_CFLAGS_set=
ac_cv_env_MONO_CFLAGS_value=
ac_cv_env_MONO_LIBS_set=
ac_cv_env_MONO_LIBS_value=
ac_cv_env_NDESK_DBUS_CFLAGS_set=
ac_cv_env_NDESK_DBUS_CFLAGS_value=
ac_cv_env_NDESK_DBUS_LIBS_set=
ac_cv_env_NDESK_DBUS_LIBS_value=
ac_cv_env_PKG_CONFIG_set=
ac_cv_env_PKG_CONFIG_value=
ac_cv_env_build_alias_set=
ac_cv_env_build_alias_value=
ac_cv_env_host_alias_set=
ac_cv_env_host_alias_value=
ac_cv_env_target_alias_set=
ac_cv_env_target_alias_value=
ac_cv_host=x86_64-unknown-linux-gnu
ac_cv_path_GACUTIL=/usr/bin/gacutil
ac_cv_path_GMCS=/usr/bin/gmcs
ac_cv_path_PKG_CONFIG=/usr/bin/pkg-config
ac_cv_path_install='/usr/bin/install -c'
ac_cv_prog_AWK=gawk
ac_cv_prog_make_make_set=yes
ac_cv_target=x86_64-unknown-linux-gnu
pkg_cv_MONO_CFLAGS='-D_REENTRANT -pthread -I/usr/include/mono-1.0 -I/usr/include/glib-2.0 -I/usr/lib/glib-2.0/include  '
pkg_cv_MONO_LIBS='-Wl,--export-dynamic -pthread -lmono -ldl -lpthread -lm -lgthread-2.0 -lrt -lglib-2.0  '
pkg_cv_NDESK_DBUS_CFLAGS=' '
pkg_cv_NDESK_DBUS_LIBS='-r:/usr/local/lib/mono/ndesk-dbus-1.0/NDesk.DBus.dll  '

## ----------------- ##
## Output variables. ##
## ----------------- ##

ACLOCAL='${SHELL} /home/yingw/下载/ndesk-dbus-glib-0.4.1/missing --run aclocal-1.9'
AMTAR='${SHELL} /home/yingw/下载/ndesk-dbus-glib-0.4.1/missing --run tar'
API_VERSION='1.0'
AUTOCONF='${SHELL} /home/yingw/下载/ndesk-dbus-glib-0.4.1/missing --run autoconf'
AUTOHEADER='${SHELL} /home/yingw/下载/ndesk-dbus-glib-0.4.1/missing --run autoheader'
AUTOMAKE='${SHELL} /home/yingw/下载/ndesk-dbus-glib-0.4.1/missing --run automake-1.9'
AWK='gawk'
CYGPATH_W='echo'
DEFS='-DPACKAGE_NAME=\"\" -DPACKAGE_TARNAME=\"\" -DPACKAGE_VERSION=\"\" -DPACKAGE_STRING=\"\" -DPACKAGE_BUGREPORT=\"\" -DPACKAGE=\"ndesk-dbus-glib\" -DVERSION=\"0.4.1\"'
ECHO_C=''
ECHO_N='-n'
ECHO_T=''
GACUTIL='/usr/bin/gacutil'
GMCS='/usr/bin/gmcs'
INSTALL_DATA='${INSTALL} -m 644'
INSTALL_PROGRAM='${INSTALL}'
INSTALL_SCRIPT='${INSTALL}'
INSTALL_STRIP_PROGRAM='${SHELL} $(install_sh) -c -s'
LIBOBJS=''
LIBS=''
LTLIBOBJS=''
MAINT='#'
MAINTAINER_MODE_FALSE=''
MAINTAINER_MODE_TRUE='#'
MAKEINFO='${SHELL} /home/yingw/下载/ndesk-dbus-glib-0.4.1/missing --run makeinfo'
MONO_CFLAGS='-D_REENTRANT -pthread -I/usr/include/mono-1.0 -I/usr/include/glib-2.0 -I/usr/lib/glib-2.0/include  '
MONO_LIBS='-Wl,--export-dynamic -pthread -lmono -ldl -lpthread -lm -lgthread-2.0 -lrt -lglib-2.0  '
NDESK_DBUS_CFLAGS=' '
NDESK_DBUS_LIBS='-r:/usr/local/lib/mono/ndesk-dbus-1.0/NDesk.DBus.dll  '
PACKAGE='ndesk-dbus-glib'
PACKAGE_BUGREPORT=''
PACKAGE_NAME=''
PACKAGE_STRING=''
PACKAGE_TARNAME=''
PACKAGE_VERSION=''
PATH_SEPARATOR=':'
PKG_CONFIG='/usr/bin/pkg-config'
SET_MAKE=''
SHELL='/bin/bash'
STRIP=''
VERSION='0.4.1'
am__leading_dot='.'
am__tar='${AMTAR} chof - "$$tardir"'
am__untar='${AMTAR} xf -'
bindir='${exec_prefix}/bin'
build='x86_64-unknown-linux-gnu'
build_alias=''
build_cpu='x86_64'
build_os='linux-gnu'
build_vendor='unknown'
datadir='${datarootdir}'
datarootdir='${prefix}/share'
docdir='${datarootdir}/doc/${PACKAGE}'
dvidir='${docdir}'
exec_prefix='${prefix}'
host='x86_64-unknown-linux-gnu'
host_alias=''
host_cpu='x86_64'
host_os='linux-gnu'
host_vendor='unknown'
htmldir='${docdir}'
includedir='${prefix}/include'
infodir='${datarootdir}/info'
install_sh='/home/yingw/下载/ndesk-dbus-glib-0.4.1/install-sh'
libdir='${exec_prefix}/lib'
libexecdir='${exec_prefix}/libexec'
localedir='${datarootdir}/locale'
localstatedir='${prefix}/var'
mandir='${datarootdir}/man'
mkdir_p='mkdir -p --'
oldincludedir='/usr/include'
pdfdir='${docdir}'
prefix='/usr/local'
program_transform_name='s,x,x,'
psdir='${docdir}'
sbindir='${exec_prefix}/sbin'
sharedstatedir='${prefix}/com'
sysconfdir='${prefix}/etc'
target='x86_64-unknown-linux-gnu'
target_alias=''
target_cpu='x86_64'
target_os='linux-gnu'
target_vendor='unknown'

## ----------- ##
## confdefs.h. ##
## ----------- ##

#define PACKAGE_NAME ""
#define PACKAGE_TARNAME ""
#define PACKAGE_VERSION ""
#define PACKAGE_STRING ""
#define PACKAGE_BUGREPORT ""
#define PACKAGE "ndesk-dbus-glib"
#define VERSION "0.4.1"

configure: exit 0
