This file contains any messages produced by compilers while
running configure, to aid debugging if configure makes a mistake.

It was created by configure, which was
generated by GNU Autoconf 2.61.  Invocation command line was

  $ ./configure 

## --------- ##
## Platform. ##
## --------- ##

hostname = yingw-laptop
uname -m = x86_64
uname -r = 2.6.32-24-generic
uname -s = Linux
uname -v = #42-Ubuntu SMP Fri Aug 20 14:21:58 UTC 2010

/usr/bin/uname -p = unknown
/bin/uname -X     = unknown

/bin/arch              = unknown
/usr/bin/arch -k       = unknown
/usr/convex/getsysinfo = unknown
/usr/bin/hostinfo      = unknown
/bin/machine           = unknown
/usr/bin/oslevel       = unknown
/bin/universe          = unknown

PATH: /usr/local/sbin
PATH: /usr/local/bin
PATH: /usr/sbin
PATH: /usr/bin
PATH: /sbin
PATH: /bin
PATH: /usr/X11R6/bin


## ----------- ##
## Core tests. ##
## ----------- ##

configure:1702: checking build system type
configure:1720: result: x86_64-unknown-linux-gnu
configure:1742: checking host system type
configure:1757: result: x86_64-unknown-linux-gnu
configure:1779: checking target system type
configure:1794: result: x86_64-unknown-linux-gnu
configure:1846: checking for a BSD-compatible install
configure:1902: result: /usr/bin/install -c
configure:1913: checking whether build environment is sane
configure:1956: result: yes
configure:1984: checking for a thread-safe mkdir -p
configure:2023: result: /bin/mkdir -p
configure:2036: checking for gawk
configure:2052: found /usr/bin/gawk
configure:2063: result: gawk
configure:2074: checking whether make sets $(MAKE)
configure:2095: result: yes
configure:2284: checking whether to enable maintainer-specific portions of Makefiles
configure:2293: result: no
configure:2320: checking for a BSD-compatible install
configure:2376: result: /usr/bin/install -c
configure:2390: checking for pkg-config
configure:2408: found /usr/bin/pkg-config
configure:2421: result: /usr/bin/pkg-config
configure:2442: checking for gmcs
configure:2460: found /usr/bin/gmcs
configure:2473: result: /usr/bin/gmcs
configure:2490: checking for gacutil
configure:2508: found /usr/bin/gacutil
configure:2521: result: /usr/bin/gacutil
configure:2687: creating ./config.status

## ---------------------- ##
## Running config.status. ##
## ---------------------- ##

This file was extended by config.status, which was
generated by GNU Autoconf 2.61.  Invocation command line was

  CONFIG_FILES    = 
  CONFIG_HEADERS  = 
  CONFIG_LINKS    = 
  CONFIG_COMMANDS = 
  $ ./config.status 

on yingw-laptop

config.status:612: creating Makefile
config.status:612: creating ndesk-dbus-1.0.pc
config.status:612: creating src/AssemblyInfo.cs
config.status:612: creating src/Makefile
config.status:612: creating tools/Makefile
config.status:612: creating examples/Makefile

## ---------------- ##
## Cache variables. ##
## ---------------- ##

ac_cv_build=x86_64-unknown-linux-gnu
ac_cv_env_build_alias_set=
ac_cv_env_build_alias_value=
ac_cv_env_host_alias_set=
ac_cv_env_host_alias_value=
ac_cv_env_target_alias_set=
ac_cv_env_target_alias_value=
ac_cv_host=x86_64-unknown-linux-gnu
ac_cv_path_CSC=/usr/bin/gmcs
ac_cv_path_GACUTIL=/usr/bin/gacutil
ac_cv_path_PKG_CONFIG=/usr/bin/pkg-config
ac_cv_path_install='/usr/bin/install -c'
ac_cv_path_mkdir=/bin/mkdir
ac_cv_prog_AWK=gawk
ac_cv_prog_make_make_set=yes
ac_cv_target=x86_64-unknown-linux-gnu

## ----------------- ##
## Output variables. ##
## ----------------- ##

ACLOCAL='${SHELL} /home/yingw/下载/ndesk-dbus-0.6.1a/missing --run aclocal-1.10'
AMTAR='${SHELL} /home/yingw/下载/ndesk-dbus-0.6.1a/missing --run tar'
API_VERSION='1.0'
AUTOCONF='${SHELL} /home/yingw/下载/ndesk-dbus-0.6.1a/missing --run autoconf'
AUTOHEADER='${SHELL} /home/yingw/下载/ndesk-dbus-0.6.1a/missing --run autoheader'
AUTOMAKE='${SHELL} /home/yingw/下载/ndesk-dbus-0.6.1a/missing --run automake-1.10'
AWK='gawk'
CSC='/usr/bin/gmcs'
CYGPATH_W='echo'
DEFS='-DPACKAGE_NAME=\"\" -DPACKAGE_TARNAME=\"\" -DPACKAGE_VERSION=\"\" -DPACKAGE_STRING=\"\" -DPACKAGE_BUGREPORT=\"\" -DPACKAGE=\"ndesk-dbus\" -DVERSION=\"0.6.1a\"'
ECHO_C=''
ECHO_N='-n'
ECHO_T=''
GACUTIL='/usr/bin/gacutil'
INSTALL_DATA='${INSTALL} -m 644'
INSTALL_PROGRAM='${INSTALL}'
INSTALL_SCRIPT='${INSTALL}'
INSTALL_STRIP_PROGRAM='$(install_sh) -c -s'
LIBOBJS=''
LIBS=''
LTLIBOBJS=''
MAINT='#'
MAINTAINER_MODE_FALSE=''
MAINTAINER_MODE_TRUE='#'
MAKEINFO='${SHELL} /home/yingw/下载/ndesk-dbus-0.6.1a/missing --run makeinfo'
PACKAGE='ndesk-dbus'
PACKAGE_BUGREPORT=''
PACKAGE_NAME=''
PACKAGE_STRING=''
PACKAGE_TARNAME=''
PACKAGE_VERSION=''
PATH_SEPARATOR=':'
PKG_CONFIG='/usr/bin/pkg-config'
SET_MAKE=''
SHELL='/bin/bash'
STRIP=''
VERSION='0.6.1a'
am__isrc=''
am__leading_dot='.'
am__tar='${AMTAR} chof - "$$tardir"'
am__untar='${AMTAR} xf -'
bindir='${exec_prefix}/bin'
build='x86_64-unknown-linux-gnu'
build_alias=''
build_cpu='x86_64'
build_os='linux-gnu'
build_vendor='unknown'
datadir='${datarootdir}'
datarootdir='${prefix}/share'
docdir='${datarootdir}/doc/${PACKAGE}'
dvidir='${docdir}'
exec_prefix='${prefix}'
host='x86_64-unknown-linux-gnu'
host_alias=''
host_cpu='x86_64'
host_os='linux-gnu'
host_vendor='unknown'
htmldir='${docdir}'
includedir='${prefix}/include'
infodir='${datarootdir}/info'
install_sh='$(SHELL) /home/yingw/下载/ndesk-dbus-0.6.1a/install-sh'
libdir='${exec_prefix}/lib'
libexecdir='${exec_prefix}/libexec'
localedir='${datarootdir}/locale'
localstatedir='${prefix}/var'
mandir='${datarootdir}/man'
mkdir_p='/bin/mkdir -p'
oldincludedir='/usr/include'
pdfdir='${docdir}'
prefix='/usr/local'
program_transform_name='s,x,x,'
psdir='${docdir}'
sbindir='${exec_prefix}/sbin'
sharedstatedir='${prefix}/com'
sysconfdir='${prefix}/etc'
target='x86_64-unknown-linux-gnu'
target_alias=''
target_cpu='x86_64'
target_os='linux-gnu'
target_vendor='unknown'

## ----------- ##
## confdefs.h. ##
## ----------- ##

#define PACKAGE_NAME ""
#define PACKAGE_TARNAME ""
#define PACKAGE_VERSION ""
#define PACKAGE_STRING ""
#define PACKAGE_BUGREPORT ""
#define PACKAGE "ndesk-dbus"
#define VERSION "0.6.1a"

configure: exit 0
